[ 2025-03-13 05:00:30,264 ] 1025 httpx - INFO - HTTP Request: GET https://dagshub.com/api/v1/user "HTTP/1.1 200 OK"
[ 2025-03-13 05:00:30,274 ] 107 dagshub - INFO - Accessing as ruhaanizm
[ 2025-03-13 05:00:30,832 ] 1025 httpx - INFO - HTTP Request: GET https://dagshub.com/api/v1/repos/ruhaanizm/networksecurity "HTTP/1.1 200 OK"
[ 2025-03-13 05:00:31,388 ] 1025 httpx - INFO - HTTP Request: GET https://dagshub.com/api/v1/user "HTTP/1.1 200 OK"
[ 2025-03-13 05:00:31,392 ] 107 dagshub - INFO - Initialized MLflow to track repo "ruhaanizm/networksecurity"
[ 2025-03-13 05:00:31,392 ] 107 dagshub - INFO - Repository ruhaanizm/networksecurity initialized!
[ 2025-03-13 05:08:40,887 ] 40 root - INFO - Start data Ingestion
[ 2025-03-13 05:08:47,842 ] 72 root - INFO - Performed train test split on the dataframe
[ 2025-03-13 05:08:47,842 ] 74 root - INFO - Exited split_data_as_train_test method of Data_Ingestion class
[ 2025-03-13 05:08:47,842 ] 82 root - INFO - Exporting train and test file path.
[ 2025-03-13 05:08:47,965 ] 91 root - INFO - Exported train and test file path.
[ 2025-03-13 05:08:47,966 ] 43 root - INFO - Data Ingestion completed and artifact: DataIngestionArtifact(trained_file_path='Artifacts\\03_13_2025_05_00_24\\data_ingestion\\ingested\\train.csv', test_file_path='Artifacts\\03_13_2025_05_00_24\\data_ingestion\\ingested\\test.csv')
[ 2025-03-13 05:08:48,007 ] 53 root - INFO - Initiate the data Validation
[ 2025-03-13 05:08:48,109 ] 33 root - INFO - Required number of columns : 2
[ 2025-03-13 05:08:48,109 ] 34 root - INFO - DataFrame has columns : 31
[ 2025-03-13 05:08:48,109 ] 33 root - INFO - Required number of columns : 2
[ 2025-03-13 05:08:48,109 ] 34 root - INFO - DataFrame has columns : 31
[ 2025-03-13 05:08:48,392 ] 65 root - INFO - Entered initiate_data_transformation method of DataTransformation class
[ 2025-03-13 05:08:48,392 ] 67 root - INFO - Starting data transformation
[ 2025-03-13 05:08:48,428 ] 50 root - INFO - Entered get_data_trnasformer_object method of Trnasformation class
[ 2025-03-13 05:08:48,428 ] 55 root - INFO - Initialise KNNImputer with {'missing_values': nan, 'n_neighbors': 3, 'weights': 'uniform'}
[ 2025-03-13 05:08:48,463 ] 46 root - INFO - Entered the save_object method of MainUtils class
[ 2025-03-13 05:08:48,472 ] 50 root - INFO - Exited the save_object method of MainUtils class
[ 2025-03-13 05:08:48,472 ] 46 root - INFO - Entered the save_object method of MainUtils class
[ 2025-03-13 05:08:48,479 ] 50 root - INFO - Exited the save_object method of MainUtils class
[ 2025-03-13 05:14:10,718 ] 46 root - INFO - Entered the save_object method of MainUtils class
[ 2025-03-13 05:14:10,727 ] 50 root - INFO - Exited the save_object method of MainUtils class
[ 2025-03-13 05:14:10,727 ] 46 root - INFO - Entered the save_object method of MainUtils class
[ 2025-03-13 05:14:10,769 ] 50 root - INFO - Exited the save_object method of MainUtils class
[ 2025-03-13 05:14:10,771 ] 135 root - INFO - Model trainer artifact: ModelTrainerArtifact(trained_model_file_path='Artifacts\\03_13_2025_05_00_24\\model_trainer\\trained_model\\model.pkl', train_metric_artifact=ClassificationMetricArtifact(f1_score=0.9909983633387889, precision_score=0.9899856938483548, recall_score=0.9920131066967028), test_metric_artifact=ClassificationMetricArtifact(f1_score=0.9781420765027322, precision_score=0.9728260869565217, recall_score=0.9835164835164835))
